{
  meta: {
    req: {
      url: '/getAll',
      headers: {
        host: 'localhost:5002',
        connection: 'keep-alive',
        'sec-ch-ua': '"Google Chrome";v="131", "Chromium";v="131", "Not_A Brand";v="24"',
        'sec-ch-ua-mobile': '?0',
        'sec-ch-ua-platform': '"Linux"',
        'upgrade-insecure-requests': '1',
        'user-agent': 'Mozilla/5.0 (X11; Linux x86_64) AppleWebKit/537.36 (KHTML, like Gecko) Chrome/131.0.0.0 Safari/537.36',
        accept: 'text/html,application/xhtml+xml,application/xml;q=0.9,image/avif,image/webp,image/apng,*/*;q=0.8,application/signed-exchange;v=b3;q=0.7',
        'sec-fetch-site': 'none',
        'sec-fetch-mode': 'navigate',
        'sec-fetch-user': '?1',
        'sec-fetch-dest': 'document',
        'accept-encoding': 'gzip, deflate, br, zstd',
        'accept-language': 'en-US,en;q=0.9,fa;q=0.8'
      },
      method: 'GET',
      httpVersion: '1.1',
      originalUrl: '/getAll',
      query: {}
    },
    res: { statusCode: 200 },
    responseTime: 185
  },
  level: 'info',
  message: 'GET /getAll 200 185ms',
  label: 'right meow!',
  timestamp: '2024-12-23 17:05:08'
}
{
  meta: {
    req: {
      url: '/favicon.ico',
      headers: {
        host: 'localhost:5002',
        connection: 'keep-alive',
        'sec-ch-ua-platform': '"Linux"',
        'user-agent': 'Mozilla/5.0 (X11; Linux x86_64) AppleWebKit/537.36 (KHTML, like Gecko) Chrome/131.0.0.0 Safari/537.36',
        'sec-ch-ua': '"Google Chrome";v="131", "Chromium";v="131", "Not_A Brand";v="24"',
        'sec-ch-ua-mobile': '?0',
        accept: 'image/avif,image/webp,image/apng,image/svg+xml,image/*,*/*;q=0.8',
        'sec-fetch-site': 'same-origin',
        'sec-fetch-mode': 'no-cors',
        'sec-fetch-dest': 'image',
        'accept-encoding': 'gzip, deflate, br, zstd',
        'accept-language': 'en-US,en;q=0.9,fa;q=0.8'
      },
      method: 'GET',
      httpVersion: '1.1',
      originalUrl: '/favicon.ico',
      query: {}
    },
    res: { statusCode: 404 },
    responseTime: 5
  },
  level: 'warn',
  message: 'GET /favicon.ico 404 5ms',
  label: 'right meow!',
  timestamp: '2024-12-23 17:05:08'
}
{
  meta: {
    req: {
      url: '/getAll',
      headers: {
        host: 'localhost:5002',
        connection: 'keep-alive',
        'cache-control': 'max-age=0',
        'sec-ch-ua': '"Google Chrome";v="131", "Chromium";v="131", "Not_A Brand";v="24"',
        'sec-ch-ua-mobile': '?0',
        'sec-ch-ua-platform': '"Linux"',
        'upgrade-insecure-requests': '1',
        'user-agent': 'Mozilla/5.0 (X11; Linux x86_64) AppleWebKit/537.36 (KHTML, like Gecko) Chrome/131.0.0.0 Safari/537.36',
        accept: 'text/html,application/xhtml+xml,application/xml;q=0.9,image/avif,image/webp,image/apng,*/*;q=0.8,application/signed-exchange;v=b3;q=0.7',
        'sec-fetch-site': 'none',
        'sec-fetch-mode': 'navigate',
        'sec-fetch-user': '?1',
        'sec-fetch-dest': 'document',
        'accept-encoding': 'gzip, deflate, br, zstd',
        'accept-language': 'en-US,en;q=0.9,fa;q=0.8',
        'if-none-match': 'W/"618-S3pKWRaWx4OKCdHlQC+yde3Hjck"'
      },
      method: 'GET',
      httpVersion: '1.1',
      originalUrl: '/getAll',
      query: {}
    },
    res: { statusCode: 200 },
    responseTime: 204
  },
  level: 'info',
  message: 'GET /getAll 200 204ms',
  label: 'right meow!',
  timestamp: '2024-12-23 17:25:05'
}
{
  meta: {
    req: {
      url: '/getAll',
      headers: {
        host: 'localhost:5002',
        connection: 'keep-alive',
        'cache-control': 'max-age=0',
        'sec-ch-ua': '"Google Chrome";v="131", "Chromium";v="131", "Not_A Brand";v="24"',
        'sec-ch-ua-mobile': '?0',
        'sec-ch-ua-platform': '"Linux"',
        'upgrade-insecure-requests': '1',
        'user-agent': 'Mozilla/5.0 (X11; Linux x86_64) AppleWebKit/537.36 (KHTML, like Gecko) Chrome/131.0.0.0 Safari/537.36',
        accept: 'text/html,application/xhtml+xml,application/xml;q=0.9,image/avif,image/webp,image/apng,*/*;q=0.8,application/signed-exchange;v=b3;q=0.7',
        'sec-fetch-site': 'none',
        'sec-fetch-mode': 'navigate',
        'sec-fetch-user': '?1',
        'sec-fetch-dest': 'document',
        'accept-encoding': 'gzip, deflate, br, zstd',
        'accept-language': 'en-US,en;q=0.9,fa;q=0.8',
        'if-none-match': 'W/"7e2-Igp4tttpznIxAlCRwIz54QeZKcw"'
      },
      method: 'GET',
      httpVersion: '1.1',
      originalUrl: '/getAll',
      query: {}
    },
    res: { statusCode: 200 },
    responseTime: 110
  },
  level: 'info',
  message: 'GET /getAll 200 110ms',
  label: 'right meow!',
  timestamp: '2024-12-23 17:42:37'
}
{
  meta: {
    req: {
      url: '/getAll',
      headers: {
        host: 'localhost:5002',
        connection: 'keep-alive',
        'cache-control': 'max-age=0',
        'sec-ch-ua': '"Google Chrome";v="131", "Chromium";v="131", "Not_A Brand";v="24"',
        'sec-ch-ua-mobile': '?0',
        'sec-ch-ua-platform': '"Linux"',
        'upgrade-insecure-requests': '1',
        'user-agent': 'Mozilla/5.0 (X11; Linux x86_64) AppleWebKit/537.36 (KHTML, like Gecko) Chrome/131.0.0.0 Safari/537.36',
        accept: 'text/html,application/xhtml+xml,application/xml;q=0.9,image/avif,image/webp,image/apng,*/*;q=0.8,application/signed-exchange;v=b3;q=0.7',
        'sec-fetch-site': 'none',
        'sec-fetch-mode': 'navigate',
        'sec-fetch-user': '?1',
        'sec-fetch-dest': 'document',
        'accept-encoding': 'gzip, deflate, br, zstd',
        'accept-language': 'en-US,en;q=0.9,fa;q=0.8',
        'if-none-match': 'W/"9e3-vg0hVxAwIwL/oQtpYnFAYzgFgyA"'
      },
      method: 'GET',
      httpVersion: '1.1',
      originalUrl: '/getAll',
      query: {}
    },
    res: { statusCode: 200 },
    responseTime: 338
  },
  level: 'info',
  message: 'GET /getAll 200 338ms',
  label: 'right meow!',
  timestamp: '2024-12-23 17:57:16'
}
{
  meta: {
    req: {
      url: '/getAll',
      headers: {
        host: 'localhost:5002',
        connection: 'keep-alive',
        'cache-control': 'max-age=0',
        'sec-ch-ua': '"Google Chrome";v="131", "Chromium";v="131", "Not_A Brand";v="24"',
        'sec-ch-ua-mobile': '?0',
        'sec-ch-ua-platform': '"Linux"',
        'upgrade-insecure-requests': '1',
        'user-agent': 'Mozilla/5.0 (X11; Linux x86_64) AppleWebKit/537.36 (KHTML, like Gecko) Chrome/131.0.0.0 Safari/537.36',
        accept: 'text/html,application/xhtml+xml,application/xml;q=0.9,image/avif,image/webp,image/apng,*/*;q=0.8,application/signed-exchange;v=b3;q=0.7',
        'sec-fetch-site': 'none',
        'sec-fetch-mode': 'navigate',
        'sec-fetch-user': '?1',
        'sec-fetch-dest': 'document',
        'accept-encoding': 'gzip, deflate, br, zstd',
        'accept-language': 'en-US,en;q=0.9,fa;q=0.8',
        'if-none-match': 'W/"c19-0Tl8LR9cfuOW4g7W3yvRuz3ro3k"'
      },
      method: 'GET',
      httpVersion: '1.1',
      originalUrl: '/getAll',
      query: {}
    },
    res: { statusCode: 200 },
    responseTime: 584
  },
  level: 'info',
  message: 'GET /getAll 200 584ms',
  label: 'right meow!',
  timestamp: '2024-12-23 17:58:21'
}
{
  meta: {
    req: {
      url: '/getAll',
      headers: {
        host: 'localhost:5002',
        connection: 'keep-alive',
        'cache-control': 'max-age=0',
        'sec-ch-ua': '"Google Chrome";v="131", "Chromium";v="131", "Not_A Brand";v="24"',
        'sec-ch-ua-mobile': '?0',
        'sec-ch-ua-platform': '"Linux"',
        'upgrade-insecure-requests': '1',
        'user-agent': 'Mozilla/5.0 (X11; Linux x86_64) AppleWebKit/537.36 (KHTML, like Gecko) Chrome/131.0.0.0 Safari/537.36',
        accept: 'text/html,application/xhtml+xml,application/xml;q=0.9,image/avif,image/webp,image/apng,*/*;q=0.8,application/signed-exchange;v=b3;q=0.7',
        'sec-fetch-site': 'none',
        'sec-fetch-mode': 'navigate',
        'sec-fetch-user': '?1',
        'sec-fetch-dest': 'document',
        'accept-encoding': 'gzip, deflate, br, zstd',
        'accept-language': 'en-US,en;q=0.9,fa;q=0.8',
        'if-none-match': 'W/"c33-inbkPsZSTf9CdlJm83RNRktWC/4"'
      },
      method: 'GET',
      httpVersion: '1.1',
      originalUrl: '/getAll',
      query: {}
    },
    res: { statusCode: 200 },
    responseTime: 140
  },
  level: 'info',
  message: 'GET /getAll 200 140ms',
  label: 'right meow!',
  timestamp: '2024-12-23 18:09:37'
}
{
  meta: {
    req: {
      url: '/getAll',
      headers: {
        host: 'localhost:5002',
        connection: 'keep-alive',
        'cache-control': 'max-age=0',
        'sec-ch-ua': '"Google Chrome";v="131", "Chromium";v="131", "Not_A Brand";v="24"',
        'sec-ch-ua-mobile': '?0',
        'sec-ch-ua-platform': '"Linux"',
        'upgrade-insecure-requests': '1',
        'user-agent': 'Mozilla/5.0 (X11; Linux x86_64) AppleWebKit/537.36 (KHTML, like Gecko) Chrome/131.0.0.0 Safari/537.36',
        accept: 'text/html,application/xhtml+xml,application/xml;q=0.9,image/avif,image/webp,image/apng,*/*;q=0.8,application/signed-exchange;v=b3;q=0.7',
        'sec-fetch-site': 'none',
        'sec-fetch-mode': 'navigate',
        'sec-fetch-user': '?1',
        'sec-fetch-dest': 'document',
        'accept-encoding': 'gzip, deflate, br, zstd',
        'accept-language': 'en-US,en;q=0.9,fa;q=0.8',
        'if-none-match': 'W/"e34-JmOltKayVHZ07KBqDy6HTCChynk"'
      },
      method: 'GET',
      httpVersion: '1.1',
      originalUrl: '/getAll',
      query: {}
    },
    res: { statusCode: 200 },
    responseTime: 174
  },
  level: 'info',
  message: 'GET /getAll 200 174ms',
  label: 'right meow!',
  timestamp: '2024-12-23 18:11:16'
}
{
  meta: {
    req: {
      url: '/favicon.ico',
      headers: {
        host: 'localhost:5002',
        connection: 'keep-alive',
        'sec-ch-ua-platform': '"Linux"',
        'user-agent': 'Mozilla/5.0 (X11; Linux x86_64) AppleWebKit/537.36 (KHTML, like Gecko) Chrome/131.0.0.0 Safari/537.36',
        'sec-ch-ua': '"Google Chrome";v="131", "Chromium";v="131", "Not_A Brand";v="24"',
        'sec-ch-ua-mobile': '?0',
        accept: 'image/avif,image/webp,image/apng,image/svg+xml,image/*,*/*;q=0.8',
        'sec-fetch-site': 'same-origin',
        'sec-fetch-mode': 'no-cors',
        'sec-fetch-dest': 'image',
        'accept-encoding': 'gzip, deflate, br, zstd',
        'accept-language': 'en-US,en;q=0.9,fa;q=0.8'
      },
      method: 'GET',
      httpVersion: '1.1',
      originalUrl: '/favicon.ico',
      query: {}
    },
    res: { statusCode: 404 },
    responseTime: 3
  },
  level: 'warn',
  message: 'GET /favicon.ico 404 3ms',
  label: 'right meow!',
  timestamp: '2024-12-23 21:17:54'
}
{
  meta: {
    req: {
      url: '/getAll',
      headers: {
        host: 'localhost:5002',
        connection: 'keep-alive',
        'cache-control': 'max-age=0',
        'sec-ch-ua': '"Google Chrome";v="131", "Chromium";v="131", "Not_A Brand";v="24"',
        'sec-ch-ua-mobile': '?0',
        'sec-ch-ua-platform': '"Linux"',
        'upgrade-insecure-requests': '1',
        'user-agent': 'Mozilla/5.0 (X11; Linux x86_64) AppleWebKit/537.36 (KHTML, like Gecko) Chrome/131.0.0.0 Safari/537.36',
        accept: 'text/html,application/xhtml+xml,application/xml;q=0.9,image/avif,image/webp,image/apng,*/*;q=0.8,application/signed-exchange;v=b3;q=0.7',
        'sec-fetch-site': 'none',
        'sec-fetch-mode': 'navigate',
        'sec-fetch-user': '?1',
        'sec-fetch-dest': 'document',
        'accept-encoding': 'gzip, deflate, br, zstd',
        'accept-language': 'en-US,en;q=0.9,fa;q=0.8',
        'if-none-match': 'W/"e84-zJpSrZ5SFv2fSnmvCsRrZGZHwRw"'
      },
      method: 'GET',
      httpVersion: '1.1',
      originalUrl: '/getAll',
      query: {}
    },
    res: { statusCode: 200 },
    responseTime: 112
  },
  level: 'info',
  message: 'GET /getAll 200 112ms',
  label: 'right meow!',
  timestamp: '2024-12-23 21:17:55'
}
{
  meta: {
    req: {
      url: '/getAll',
      headers: {
        host: 'localhost:5002',
        connection: 'keep-alive',
        'cache-control': 'max-age=0',
        'sec-ch-ua': '"Google Chrome";v="131", "Chromium";v="131", "Not_A Brand";v="24"',
        'sec-ch-ua-mobile': '?0',
        'sec-ch-ua-platform': '"Linux"',
        'upgrade-insecure-requests': '1',
        'user-agent': 'Mozilla/5.0 (X11; Linux x86_64) AppleWebKit/537.36 (KHTML, like Gecko) Chrome/131.0.0.0 Safari/537.36',
        accept: 'text/html,application/xhtml+xml,application/xml;q=0.9,image/avif,image/webp,image/apng,*/*;q=0.8,application/signed-exchange;v=b3;q=0.7',
        'sec-fetch-site': 'none',
        'sec-fetch-mode': 'navigate',
        'sec-fetch-user': '?1',
        'sec-fetch-dest': 'document',
        'accept-encoding': 'gzip, deflate, br, zstd',
        'accept-language': 'en-US,en;q=0.9,fa;q=0.8',
        'if-none-match': 'W/"104f-VnltcNeePXorR/HdxtztDm4iz4k"'
      },
      method: 'GET',
      httpVersion: '1.1',
      originalUrl: '/getAll',
      query: {}
    },
    res: { statusCode: 200 },
    responseTime: 126
  },
  level: 'info',
  message: 'GET /getAll 200 126ms',
  label: 'right meow!',
  timestamp: '2024-12-23 21:18:59'
}
{
  meta: {
    req: {
      url: '/getAll',
      headers: {
        host: 'localhost:5002',
        connection: 'keep-alive',
        'cache-control': 'max-age=0',
        'sec-ch-ua': '"Google Chrome";v="131", "Chromium";v="131", "Not_A Brand";v="24"',
        'sec-ch-ua-mobile': '?0',
        'sec-ch-ua-platform': '"Linux"',
        'upgrade-insecure-requests': '1',
        'user-agent': 'Mozilla/5.0 (X11; Linux x86_64) AppleWebKit/537.36 (KHTML, like Gecko) Chrome/131.0.0.0 Safari/537.36',
        accept: 'text/html,application/xhtml+xml,application/xml;q=0.9,image/avif,image/webp,image/apng,*/*;q=0.8,application/signed-exchange;v=b3;q=0.7',
        'sec-fetch-site': 'none',
        'sec-fetch-mode': 'navigate',
        'sec-fetch-user': '?1',
        'sec-fetch-dest': 'document',
        'accept-encoding': 'gzip, deflate, br, zstd',
        'accept-language': 'en-US,en;q=0.9,fa;q=0.8',
        'if-none-match': 'W/"1069-Z+osfNhUMYPFuEjS2Iy3Qh1pqFw"'
      },
      method: 'GET',
      httpVersion: '1.1',
      originalUrl: '/getAll',
      query: {}
    },
    res: { statusCode: 200 },
    responseTime: 202
  },
  level: 'info',
  message: 'GET /getAll 200 202ms',
  label: 'right meow!',
  timestamp: '2024-12-23 21:20:44'
}
{
  meta: {
    req: {
      url: '/getAll',
      headers: {
        host: 'localhost:5002',
        connection: 'keep-alive',
        'cache-control': 'max-age=0',
        'sec-ch-ua': '"Google Chrome";v="131", "Chromium";v="131", "Not_A Brand";v="24"',
        'sec-ch-ua-mobile': '?0',
        'sec-ch-ua-platform': '"Linux"',
        'upgrade-insecure-requests': '1',
        'user-agent': 'Mozilla/5.0 (X11; Linux x86_64) AppleWebKit/537.36 (KHTML, like Gecko) Chrome/131.0.0.0 Safari/537.36',
        accept: 'text/html,application/xhtml+xml,application/xml;q=0.9,image/avif,image/webp,image/apng,*/*;q=0.8,application/signed-exchange;v=b3;q=0.7',
        'sec-fetch-site': 'none',
        'sec-fetch-mode': 'navigate',
        'sec-fetch-user': '?1',
        'sec-fetch-dest': 'document',
        'accept-encoding': 'gzip, deflate, br, zstd',
        'accept-language': 'en-US,en;q=0.9,fa;q=0.8',
        'if-none-match': 'W/"109f-RHd/k9qH+0ZOCQczTFduqUyce1k"'
      },
      method: 'GET',
      httpVersion: '1.1',
      originalUrl: '/getAll',
      query: {}
    },
    res: { statusCode: 200 },
    responseTime: 196
  },
  level: 'info',
  message: 'GET /getAll 200 196ms',
  label: 'right meow!',
  timestamp: '2024-12-23 21:23:16'
}
